** ComfyUI startup time: 2024-04-12 19:26:46.398090
[2024-04-12 19:26] ** Platform: Linux
[2024-04-12 19:26] ** Python version: 3.10.12 (main, Nov 20 2023, 15:14:05) [GCC 11.4.0]
[2024-04-12 19:26] ** Python executable: /usr/bin/python3
[2024-04-12 19:26] ** Log path: /root/code/Romain-Ber/ComfyUI/comfyui.log
[2024-04-12 19:26] 
Prestartup times for custom nodes:
[2024-04-12 19:26]    0.0 seconds: /root/code/Romain-Ber/ComfyUI/custom_nodes/ComfyUI-Manager
[2024-04-12 19:26] 
Total VRAM 6144 MB, total RAM 12654 MB
[2024-04-12 19:26] Set vram state to: NORMAL_VRAM
[2024-04-12 19:26] Device: cuda:0 NVIDIA GeForce RTX 2060 : cudaMallocAsync
[2024-04-12 19:26] VAE dtype: torch.float32
[2024-04-12 19:26] Using pytorch cross attention
[2024-04-12 19:26] ### Loading: ComfyUI-Inspire-Pack (V0.69.3)
[2024-04-12 19:26] /root/code/Romain-Ber/ComfyUI/custom_nodes/failfast-comfyui-extensions/extensions
[2024-04-12 19:26] /root/code/Romain-Ber/ComfyUI/web/extensions/failfast-comfyui-extensions
[2024-04-12 19:26] [Crystools [0;32mINFO[0m] Crystools version: 1.12.0
[2024-04-12 19:26] [Crystools [0;32mINFO[0m] CPU: Intel(R) Core(TM) i7-10750H CPU @ 2.60GHz - Arch: x86_64 - OS: Linux 5.10.16.3-microsoft-standard-WSL2
[2024-04-12 19:26] [Crystools [0;32mINFO[0m] GPU/s:
[2024-04-12 19:26] [Crystools [0;32mINFO[0m] 0) NVIDIA GeForce RTX 2060
[2024-04-12 19:26] [Crystools [0;32mINFO[0m] NVIDIA Driver: 546.33
[2024-04-12 19:26] ### Loading: ComfyUI-Manager (V2.16)
[2024-04-12 19:26] ### ComfyUI Revision: 2105 [ac7f5394] | Released on '2024-04-12'
[2024-04-12 19:26] [ComfyUI-Manager] default cache updated: https://raw.githubusercontent.com/ltdrdata/ComfyUI-Manager/main/alter-list.json
[2024-04-12 19:26] [ComfyUI-Manager] default cache updated: https://raw.githubusercontent.com/ltdrdata/ComfyUI-Manager/main/custom-node-list.json
[2024-04-12 19:26] [ComfyUI-Manager] default cache updated: https://raw.githubusercontent.com/ltdrdata/ComfyUI-Manager/main/extension-node-map.json
[2024-04-12 19:26] [ComfyUI-Manager] default cache updated: https://raw.githubusercontent.com/ltdrdata/ComfyUI-Manager/main/model-list.json
[2024-04-12 19:26] [34mWAS Node Suite: [0mOpenCV Python FFMPEG support is enabled[0m
[2024-04-12 19:26] [34mWAS Node Suite [93mWarning: [0m`ffmpeg_bin_path` is not set in `/root/code/Romain-Ber/ComfyUI/custom_nodes/was-node-suite-comfyui/was_suite_config.json` config file. Will attempt to use system ffmpeg binaries if available.[0m
[2024-04-12 19:26] [34mWAS Node Suite: [0mFinished.[0m [32mLoaded[0m [0m211[0m [32mnodes successfully.[0m
[2024-04-12 19:26] 
	[3m[93m"Art enables us to find ourselves and lose ourselves at the same time."[0m[3m - Thomas Merton[0m
[2024-04-12 19:26] 
[2024-04-12 19:26] ### Loading: ComfyUI-Impact-Pack (V4.87.1)
[2024-04-12 19:26] ### Loading: ComfyUI-Impact-Pack (Subpack: V0.4)
[2024-04-12 19:26] 
Import times for custom nodes:
[2024-04-12 19:26]    0.0 seconds: /root/code/Romain-Ber/ComfyUI/custom_nodes/websocket_image_save.py
[2024-04-12 19:26]    0.0 seconds: /root/code/Romain-Ber/ComfyUI/custom_nodes/sdxl_prompt_styler
[2024-04-12 19:26]    0.0 seconds: /root/code/Romain-Ber/ComfyUI/custom_nodes/failfast-comfyui-extensions
[2024-04-12 19:26]    0.0 seconds: /root/code/Romain-Ber/ComfyUI/custom_nodes/ComfyUI-Custom-Scripts
[2024-04-12 19:26]    0.0 seconds: /root/code/Romain-Ber/ComfyUI/custom_nodes/ComfyQR
[2024-04-12 19:26]    0.0 seconds: /root/code/Romain-Ber/ComfyUI/custom_nodes/ComfyQR-scanning-nodes
[2024-04-12 19:26]    0.1 seconds: /root/code/Romain-Ber/ComfyUI/custom_nodes/ComfyUI-Inspire-Pack
[2024-04-12 19:26]    0.1 seconds: /root/code/Romain-Ber/ComfyUI/custom_nodes/ComfyUI-Manager
[2024-04-12 19:26]    0.8 seconds: /root/code/Romain-Ber/ComfyUI/custom_nodes/ComfyUI-Impact-Pack
[2024-04-12 19:26]    1.4 seconds: /root/code/Romain-Ber/ComfyUI/custom_nodes/was-node-suite-comfyui
[2024-04-12 19:26]    2.6 seconds: /root/code/Romain-Ber/ComfyUI/custom_nodes/ComfyUI-Crystools
[2024-04-12 19:26] 
[2024-04-12 19:26] [Impact Pack] Wildcards loading done.
[2024-04-12 19:26] Starting server

[2024-04-12 19:26] To see the GUI go to: http://127.0.0.1:8188
[2024-04-12 19:26] FETCH DATA from: /root/code/Romain-Ber/ComfyUI/custom_nodes/ComfyUI-Manager/extension-node-map.json
[2024-04-12 19:27] got prompt
[2024-04-12 19:27] model_type EPS
[2024-04-12 19:27] Using pytorch attention in VAE
[2024-04-12 19:27] Using pytorch attention in VAE
[2024-04-12 19:27] clip missing: ['clip_l.logit_scale', 'clip_l.transformer.text_projection.weight']
[2024-04-12 19:27] style: ads-retail
[2024-04-12 19:27] text_positive_g: a close up shot of a computer chipset wwith a picture representing earth on it, electric circuits
[2024-04-12 19:27] text_positive_l: chipset, circuits, earth
[2024-04-12 19:27] text_negative: logo, watermark, brand, signature
[2024-04-12 19:27] text_positive_g_styled: retail packaging style a close up shot of a computer chipset wwith a picture representing earth on it, electric circuits
[2024-04-12 19:27] text_positive_l_styled: vibrant, enticing, commercial, product-focused, eye-catching, professional, highly detailed, chipset, circuits, earth
[2024-04-12 19:27] text_positive_styled: retail packaging style a close up shot of a computer chipset wwith a picture representing earth on it, electric circuits, vibrant, enticing, commercial, product-focused, eye-catching, professional, highly detailed, chipset, circuits, earth
[2024-04-12 19:27] text_negative_g_styled: noisy, blurry, amateurish, sloppy, unattractive, logo, watermark, brand, signature
[2024-04-12 19:27] text_negative_l_styled: noisy, blurry, amateurish, sloppy, unattractive, logo, watermark, brand, signature
[2024-04-12 19:27] text_negative_styled: noisy, blurry, amateurish, sloppy, unattractive, logo, watermark, brand, signature
[2024-04-12 19:27] style: sai-enhance
[2024-04-12 19:27] text_positive_g: retail packaging style a close up shot of a computer chipset wwith a picture representing earth on it, electric circuits
[2024-04-12 19:27] text_positive_l: vibrant, enticing, commercial, product-focused, eye-catching, professional, highly detailed, chipset, circuits, earth
[2024-04-12 19:27] text_negative: noisy, blurry, amateurish, sloppy, unattractive, logo, watermark, brand, signature
[2024-04-12 19:27] text_positive_g_styled: breathtaking retail packaging style a close up shot of a computer chipset wwith a picture representing earth on it, electric circuits
[2024-04-12 19:27] text_positive_l_styled: award-winning, professional, highly detailed, vibrant, enticing, commercial, product-focused, eye-catching, professional, highly detailed, chipset, circuits, earth
[2024-04-12 19:27] text_positive_styled: breathtaking retail packaging style a close up shot of a computer chipset wwith a picture representing earth on it, electric circuits, award-winning, professional, highly detailed, vibrant, enticing, commercial, product-focused, eye-catching, professional, highly detailed, chipset, circuits, earth
[2024-04-12 19:27] text_negative_g_styled: ugly, deformed, noisy, blurry, distorted, grainy, noisy, blurry, amateurish, sloppy, unattractive, logo, watermark, brand, signature
[2024-04-12 19:27] text_negative_l_styled: ugly, deformed, noisy, blurry, distorted, grainy, noisy, blurry, amateurish, sloppy, unattractive, logo, watermark, brand, signature
[2024-04-12 19:27] text_negative_styled: ugly, deformed, noisy, blurry, distorted, grainy, noisy, blurry, amateurish, sloppy, unattractive, logo, watermark, brand, signature
[2024-04-12 19:27] style: sai-line art
[2024-04-12 19:27] text_positive_g: breathtaking retail packaging style a close up shot of a computer chipset wwith a picture representing earth on it, electric circuits
[2024-04-12 19:27] text_positive_l: award-winning, professional, highly detailed, vibrant, enticing, commercial, product-focused, eye-catching, professional, highly detailed, chipset, circuits, earth
[2024-04-12 19:27] text_negative: ugly, deformed, noisy, blurry, distorted, grainy, noisy, blurry, amateurish, sloppy, unattractive, logo, watermark, brand, signature
[2024-04-12 19:27] text_positive_g_styled: line art drawing breathtaking retail packaging style a close up shot of a computer chipset wwith a picture representing earth on it, electric circuits
[2024-04-12 19:27] text_positive_l_styled: professional, sleek, modern, minimalist, graphic, line art, vector graphics, award-winning, professional, highly detailed, vibrant, enticing, commercial, product-focused, eye-catching, professional, highly detailed, chipset, circuits, earth
[2024-04-12 19:27] text_positive_styled: line art drawing breathtaking retail packaging style a close up shot of a computer chipset wwith a picture representing earth on it, electric circuits, professional, sleek, modern, minimalist, graphic, line art, vector graphics, award-winning, professional, highly detailed, vibrant, enticing, commercial, product-focused, eye-catching, professional, highly detailed, chipset, circuits, earth
[2024-04-12 19:27] text_negative_g_styled: anime, photorealistic, 35mm film, deformed, glitch, blurry, noisy, off-center, deformed, cross-eyed, closed eyes, bad anatomy, ugly, disfigured, mutated, realism, realistic, impressionism, expressionism, oil, acrylic, ugly, deformed, noisy, blurry, distorted, grainy, noisy, blurry, amateurish, sloppy, unattractive, logo, watermark, brand, signature
[2024-04-12 19:27] text_negative_l_styled: anime, photorealistic, 35mm film, deformed, glitch, blurry, noisy, off-center, deformed, cross-eyed, closed eyes, bad anatomy, ugly, disfigured, mutated, realism, realistic, impressionism, expressionism, oil, acrylic, ugly, deformed, noisy, blurry, distorted, grainy, noisy, blurry, amateurish, sloppy, unattractive, logo, watermark, brand, signature
[2024-04-12 19:27] text_negative_styled: anime, photorealistic, 35mm film, deformed, glitch, blurry, noisy, off-center, deformed, cross-eyed, closed eyes, bad anatomy, ugly, disfigured, mutated, realism, realistic, impressionism, expressionism, oil, acrylic, ugly, deformed, noisy, blurry, distorted, grainy, noisy, blurry, amateurish, sloppy, unattractive, logo, watermark, brand, signature
[2024-04-12 19:27] Requested to load SDXLClipModel
[2024-04-12 19:27] Loading 1 new model
[2024-04-12 19:28] Requested to load AutoencoderKL
[2024-04-12 19:28] Loading 1 new model
[2024-04-12 19:28] Requested to load SDXL
[2024-04-12 19:28] Requested to load ControlNet
[2024-04-12 19:28] Loading 2 new models
[2024-04-12 19:28] loading in lowvram mode 3057.692307472229
[2024-04-12 19:28] loading in lowvram mode 705.8527956008911
[2024-04-12 19:30] 100%|███████████████████████████████████████████████████████| 25/25 [02:00<00:00,  3.80s/it]100%|███████████████████████████████████████████████████████| 25/25 [02:00<00:00,  4.81s/it]
[2024-04-12 19:30] Requested to load AutoencoderKL
[2024-04-12 19:30] Loading 1 new model
[2024-04-12 19:30] Requested to load SDXL
[2024-04-12 19:30] Requested to load ControlNet
[2024-04-12 19:30] Loading 2 new models
[2024-04-12 19:30] loading in lowvram mode 3054.6153841018677
[2024-04-12 19:30] loading in lowvram mode 704.9679737091064
[2024-04-12 19:32] 100%|███████████████████████████████████████████████████████| 21/21 [01:30<00:00,  3.90s/it]100%|███████████████████████████████████████████████████████| 21/21 [01:30<00:00,  4.31s/it]
[2024-04-12 19:32] Requested to load AutoencoderKL
[2024-04-12 19:32] Loading 1 new model
[2024-04-12 19:32] [34mWAS Node Suite: [0m[33mlatent[0m:

[0m
[2024-04-12 19:32] Requested to load SDXL
[2024-04-12 19:32] Requested to load ControlNet
[2024-04-12 19:32] Loading 2 new models
[2024-04-12 19:32] loading in lowvram mode 3054.6153841018677
[2024-04-12 19:32] loading in lowvram mode 704.9679737091064
[2024-04-12 19:32] 
[2024-04-12 19:32] Processing interrupted
[2024-04-12 19:32] Prompt executed in 326.21 seconds
[2024-04-12 19:32] FETCH DATA from: /root/code/Romain-Ber/ComfyUI/custom_nodes/ComfyUI-Manager/extension-node-map.json
[2024-04-12 19:33] got prompt
[2024-04-12 19:33] style: sai-photographic
[2024-04-12 19:33] text_positive_g: breathtaking retail packaging style a close up shot of a computer chipset wwith a picture representing earth on it, electric circuits
[2024-04-12 19:33] text_positive_l: award-winning, professional, highly detailed, vibrant, enticing, commercial, product-focused, eye-catching, professional, highly detailed, chipset, circuits, earth
[2024-04-12 19:33] text_negative: ugly, deformed, noisy, blurry, distorted, grainy, noisy, blurry, amateurish, sloppy, unattractive, logo, watermark, brand, signature
[2024-04-12 19:33] text_positive_g_styled: cinematic photo breathtaking retail packaging style a close up shot of a computer chipset wwith a picture representing earth on it, electric circuits
[2024-04-12 19:33] text_positive_l_styled: 35mm photograph, film, bokeh, professional, 4k, highly detailed, award-winning, professional, highly detailed, vibrant, enticing, commercial, product-focused, eye-catching, professional, highly detailed, chipset, circuits, earth
[2024-04-12 19:33] text_positive_styled: cinematic photo breathtaking retail packaging style a close up shot of a computer chipset wwith a picture representing earth on it, electric circuits, 35mm photograph, film, bokeh, professional, 4k, highly detailed, award-winning, professional, highly detailed, vibrant, enticing, commercial, product-focused, eye-catching, professional, highly detailed, chipset, circuits, earth
[2024-04-12 19:33] text_negative_g_styled: drawing, painting, crayon, sketch, graphite, impressionist, noisy, blurry, soft, deformed, ugly, ugly, deformed, noisy, blurry, distorted, grainy, noisy, blurry, amateurish, sloppy, unattractive, logo, watermark, brand, signature
[2024-04-12 19:33] text_negative_l_styled: drawing, painting, crayon, sketch, graphite, impressionist, noisy, blurry, soft, deformed, ugly, ugly, deformed, noisy, blurry, distorted, grainy, noisy, blurry, amateurish, sloppy, unattractive, logo, watermark, brand, signature
[2024-04-12 19:33] text_negative_styled: drawing, painting, crayon, sketch, graphite, impressionist, noisy, blurry, soft, deformed, ugly, ugly, deformed, noisy, blurry, distorted, grainy, noisy, blurry, amateurish, sloppy, unattractive, logo, watermark, brand, signature
[2024-04-12 19:33] style: sai-line art
[2024-04-12 19:33] text_positive_g: cinematic photo breathtaking retail packaging style a close up shot of a computer chipset wwith a picture representing earth on it, electric circuits
[2024-04-12 19:33] text_positive_l: 35mm photograph, film, bokeh, professional, 4k, highly detailed, award-winning, professional, highly detailed, vibrant, enticing, commercial, product-focused, eye-catching, professional, highly detailed, chipset, circuits, earth
[2024-04-12 19:33] text_negative: drawing, painting, crayon, sketch, graphite, impressionist, noisy, blurry, soft, deformed, ugly, ugly, deformed, noisy, blurry, distorted, grainy, noisy, blurry, amateurish, sloppy, unattractive, logo, watermark, brand, signature
[2024-04-12 19:33] text_positive_g_styled: line art drawing cinematic photo breathtaking retail packaging style a close up shot of a computer chipset wwith a picture representing earth on it, electric circuits
[2024-04-12 19:33] text_positive_l_styled: professional, sleek, modern, minimalist, graphic, line art, vector graphics, 35mm photograph, film, bokeh, professional, 4k, highly detailed, award-winning, professional, highly detailed, vibrant, enticing, commercial, product-focused, eye-catching, professional, highly detailed, chipset, circuits, earth
[2024-04-12 19:33] text_positive_styled: line art drawing cinematic photo breathtaking retail packaging style a close up shot of a computer chipset wwith a picture representing earth on it, electric circuits, professional, sleek, modern, minimalist, graphic, line art, vector graphics, 35mm photograph, film, bokeh, professional, 4k, highly detailed, award-winning, professional, highly detailed, vibrant, enticing, commercial, product-focused, eye-catching, professional, highly detailed, chipset, circuits, earth
[2024-04-12 19:33] text_negative_g_styled: anime, photorealistic, 35mm film, deformed, glitch, blurry, noisy, off-center, deformed, cross-eyed, closed eyes, bad anatomy, ugly, disfigured, mutated, realism, realistic, impressionism, expressionism, oil, acrylic, drawing, painting, crayon, sketch, graphite, impressionist, noisy, blurry, soft, deformed, ugly, ugly, deformed, noisy, blurry, distorted, grainy, noisy, blurry, amateurish, sloppy, unattractive, logo, watermark, brand, signature
[2024-04-12 19:33] text_negative_l_styled: anime, photorealistic, 35mm film, deformed, glitch, blurry, noisy, off-center, deformed, cross-eyed, closed eyes, bad anatomy, ugly, disfigured, mutated, realism, realistic, impressionism, expressionism, oil, acrylic, drawing, painting, crayon, sketch, graphite, impressionist, noisy, blurry, soft, deformed, ugly, ugly, deformed, noisy, blurry, distorted, grainy, noisy, blurry, amateurish, sloppy, unattractive, logo, watermark, brand, signature
[2024-04-12 19:33] text_negative_styled: anime, photorealistic, 35mm film, deformed, glitch, blurry, noisy, off-center, deformed, cross-eyed, closed eyes, bad anatomy, ugly, disfigured, mutated, realism, realistic, impressionism, expressionism, oil, acrylic, drawing, painting, crayon, sketch, graphite, impressionist, noisy, blurry, soft, deformed, ugly, ugly, deformed, noisy, blurry, distorted, grainy, noisy, blurry, amateurish, sloppy, unattractive, logo, watermark, brand, signature
[2024-04-12 19:33] Requested to load SDXLClipModel
[2024-04-12 19:33] Loading 1 new model
[2024-04-12 19:33] Requested to load SDXL
[2024-04-12 19:33] Requested to load ControlNet
[2024-04-12 19:33] Loading 2 new models
[2024-04-12 19:33] loading in lowvram mode 3054.6153841018677
[2024-04-12 19:33] loading in lowvram mode 704.9679737091064
[2024-04-12 19:34] FETCH DATA from: /root/code/Romain-Ber/ComfyUI/custom_nodes/ComfyUI-Manager/.cache/1514988643_custom-node-list.json
[2024-04-12 19:34] FETCH DATA from: /root/code/Romain-Ber/ComfyUI/custom_nodes/ComfyUI-Manager/.cache/1742899825_extension-node-map.json
[2024-04-12 19:35] 100%|███████████████████████████████████████████████████████| 25/25 [01:53<00:00,  3.96s/it]100%|███████████████████████████████████████████████████████| 25/25 [01:53<00:00,  4.56s/it]
[2024-04-12 19:35] Requested to load AutoencoderKL
[2024-04-12 19:35] Loading 1 new model
[2024-04-12 19:35] Requested to load SDXL
[2024-04-12 19:35] Requested to load ControlNet
[2024-04-12 19:35] Loading 2 new models
[2024-04-12 19:35] loading in lowvram mode 3054.6153841018677
[2024-04-12 19:35] loading in lowvram mode 704.9679737091064
[2024-04-12 19:36] 100%|███████████████████████████████████████████████████████| 21/21 [01:17<00:00,  3.15s/it]100%|███████████████████████████████████████████████████████| 21/21 [01:17<00:00,  3.68s/it]
[2024-04-12 19:36] Requested to load AutoencoderKL
[2024-04-12 19:36] Loading 1 new model
[2024-04-12 19:36] [34mWAS Node Suite: [0m[33mlatent[0m:

[0m
[2024-04-12 19:36] Requested to load SDXL
[2024-04-12 19:36] Requested to load ControlNet
[2024-04-12 19:36] Loading 2 new models
[2024-04-12 19:36] loading in lowvram mode 3054.6153841018677
[2024-04-12 19:36] loading in lowvram mode 704.9679737091064
[2024-04-12 19:38] 100%|███████████████████████████████████████████████████████| 25/25 [01:28<00:00,  2.85s/it]100%|███████████████████████████████████████████████████████| 25/25 [01:28<00:00,  3.56s/it]
[2024-04-12 19:38] Requested to load AutoencoderKL
[2024-04-12 19:38] Loading 1 new model
[2024-04-12 19:38] [34mWAS Node Suite: [0m[33mz-denoise40[0m:

[0m
[2024-04-12 19:38] Requested to load SDXL
[2024-04-12 19:38] Requested to load ControlNet
[2024-04-12 19:38] Loading 2 new models
[2024-04-12 19:38] loading in lowvram mode 3054.6153841018677
[2024-04-12 19:38] loading in lowvram mode 704.9679737091064
[2024-04-12 19:40] 100%|███████████████████████████████████████████████████████| 25/25 [01:32<00:00,  3.15s/it]100%|███████████████████████████████████████████████████████| 25/25 [01:32<00:00,  3.70s/it]
[2024-04-12 19:40] Requested to load AutoencoderKL
[2024-04-12 19:40] Loading 1 new model
[2024-04-12 19:40] [34mWAS Node Suite: [0m[33mz-denoise60[0m:

[0m
[2024-04-12 19:40] Requested to load SDXL
[2024-04-12 19:40] Requested to load ControlNet
[2024-04-12 19:40] Loading 2 new models
[2024-04-12 19:40] loading in lowvram mode 3054.6153841018677
[2024-04-12 19:40] loading in lowvram mode 704.9679737091064
[2024-04-12 19:41] 100%|███████████████████████████████████████████████████████| 25/25 [01:31<00:00,  3.76s/it]100%|███████████████████████████████████████████████████████| 25/25 [01:31<00:00,  3.65s/it]
[2024-04-12 19:41] Requested to load AutoencoderKL
[2024-04-12 19:41] Loading 1 new model
[2024-04-12 19:41] [34mWAS Node Suite: [0m[33mz-denoise80[0m:

[0m
[2024-04-12 19:41] Requested to load SDXL
[2024-04-12 19:41] Requested to load ControlNet
[2024-04-12 19:41] Loading 2 new models
[2024-04-12 19:41] loading in lowvram mode 3054.6153841018677
[2024-04-12 19:41] loading in lowvram mode 704.9679737091064
[2024-04-12 19:43] 100%|███████████████████████████████████████████████████████| 25/25 [01:44<00:00,  3.97s/it]100%|███████████████████████████████████████████████████████| 25/25 [01:44<00:00,  4.20s/it]
[2024-04-12 19:43] Requested to load AutoencoderKL
[2024-04-12 19:43] Loading 1 new model
[2024-04-12 19:43] [34mWAS Node Suite: [0m[33mz-denoise99[0m:

[0m
[2024-04-12 19:43] Prompt executed in 632.37 seconds
[2024-04-12 19:48] FETCH DATA from: /root/code/Romain-Ber/ComfyUI/custom_nodes/ComfyUI-Manager/extension-node-map.json
[2024-04-12 19:48] got prompt
[2024-04-12 19:48] Failed to validate prompt for output 63:
[2024-04-12 19:48] * VAEDecode 59:
[2024-04-12 19:48]   - Required input is missing: samples
[2024-04-12 19:48] Output will be ignored
[2024-04-12 19:48] Failed to validate prompt for output 667:
[2024-04-12 19:48] * VAEDecode 661:
[2024-04-12 19:48]   - Required input is missing: samples
[2024-04-12 19:48] Output will be ignored
[2024-04-12 19:48] Failed to validate prompt for output 651:
[2024-04-12 19:48] Output will be ignored
[2024-04-12 19:48] Failed to validate prompt for output 736:
[2024-04-12 19:48] Output will be ignored
[2024-04-12 19:48] Failed to validate prompt for output 670:
[2024-04-12 19:48] Output will be ignored
[2024-04-12 19:48] Failed to validate prompt for output 740:
[2024-04-12 19:48] Output will be ignored
[2024-04-12 19:48] Prompt executed in 1.43 seconds
[2024-04-12 19:58] 
Stopped server
